<?xml version="1.0" encoding="UTF-8"?>
<!-- Generated by org.testng.reporters.JUnitReportReporter -->
<testsuite skipped="0" hostname="ISHWS65" name="captureScreenshot.RenapsiScreenshot" tests="1" failures="0" timestamp="12 Oct 2018 10:15:57 GMT" time="12.161" errors="0">
  <testcase name="captureScreenshot" time="12.161" classname="captureScreenshot.RenapsiScreenshot"/>
</testsuite> <!-- captureScreenshot.RenapsiScreenshot -->
